<?xml version="1.0" encoding="UTF-8" ?>
<testsuite tests="8" failures="0" name="com.prodigious.unalautomation.PagesTest" time="58.516" errors="0" skipped="0">
  <properties>
[...]
</properties>
  <testcase classname="com.prodigious.unalautomation.PagesTest" name="AdoptionPageTwoTest" time="11.394"/>
  <testcase classname="com.prodigious.unalautomation.PagesTest" name="PageNotFoundTest" time="4.932"/>
  <testcase classname="com.prodigious.unalautomation.PagesTest" name="adoptTwoPuppies" time="11.706"/>
  <testcase classname="com.prodigious.unalautomation.PagesTest" name="adoptionChangeMind" time="6.969"/>
  <testcase classname="com.prodigious.unalautomation.PagesTest" name="adoptionTest" time="7.916"/>
  <testcase classname="com.prodigious.unalautomation.PagesTest" name="assertSearchBar" time="4.373"/>
  <testcase classname="com.prodigious.unalautomation.PagesTest" name="formTest" time="6.304"/>
  <testcase classname="com.prodigious.unalautomation.PagesTest" name="returnTest" time="4.922"/>
</testsuite>