<?xml version="1.0" encoding="UTF-8"?>
<!-- Generated by org.testng.reporters.JUnitReportReporter -->
<testsuite skipped="0" hostname="cobogpgp8445.global.publicisgroupe.net" name="com.prodigious.unalautomation.PagesTest" tests="8" failures="0" timestamp="21 Sep 2017 22:23:54 GMT" time="58.524" errors="0">
  <testcase name="adoptTwoPuppies" time="11.700" classname="com.prodigious.unalautomation.PagesTest"/>
  <testcase name="assertSearchBar" time="4.373" classname="com.prodigious.unalautomation.PagesTest"/>
  <testcase name="AdoptionPageTwoTest" time="11.391" classname="com.prodigious.unalautomation.PagesTest"/>
  <testcase name="returnTest" time="4.922" classname="com.prodigious.unalautomation.PagesTest"/>
  <testcase name="adoptionChangeMind" time="6.979" classname="com.prodigious.unalautomation.PagesTest"/>
  <testcase name="adoptionTest" time="7.917" classname="com.prodigious.unalautomation.PagesTest"/>
  <testcase name="PageNotFoundTest" time="4.939" classname="com.prodigious.unalautomation.PagesTest"/>
  <testcase name="formTest" time="6.303" classname="com.prodigious.unalautomation.PagesTest"/>
</testsuite> <!-- com.prodigious.unalautomation.PagesTest -->
